<?xml version="1.0" encoding="UTF-8"?>
<!-- Generated by org.testng.reporters.JUnitReportReporter -->
<testsuite hostname="DESKTOP-TUM7H4D" failures="0" tests="1" name="com.qa.test.Test1" time="2.890" errors="0" timestamp="2022-05-12T16:14:59 IST" skipped="0">
  <testcase classname="com.qa.test.Test1" name="lognm" time="2.890"/>
  <system-out/>
</testsuite> <!-- com.qa.test.Test1 -->
