<?xml version="1.0" encoding="UTF-8"?>
<!-- Generated by org.testng.reporters.JUnitReportReporter -->
<testsuite hostname="DESKTOP-TUM7H4D" failures="0" tests="1" name="NewTest" time="0.011" errors="0" timestamp="2022-05-11T23:02:44 IST" skipped="0">
  <testcase classname="NewTest" name="f" time="0.011"/>
  <system-out/>
</testsuite> <!-- NewTest -->
