<?xml version="1.0" encoding="UTF-8"?>
<!-- Generated by org.testng.reporters.JUnitReportReporter -->
<testsuite hostname="DESKTOP-TUM7H4D" failures="0" tests="1" name="com.qa.Test.TestCase" time="2.514" errors="0" timestamp="2022-05-12T12:57:09 IST" skipped="0">
  <testcase classname="com.qa.Test.TestCase" name="lognm" time="2.514"/>
  <system-out/>
</testsuite> <!-- com.qa.Test.TestCase -->
